15:03:53.121 [main] INFO  o.s.t.c.s.AnnotationConfigContextLoaderUtils - Could not detect default configuration classes for test class [com.wipro0.SpringBootAppApplicationTests]: SpringBootAppApplicationTests does not declare any static, non-private, non-final, nested classes annotated with @Configuration.
15:03:53.243 [main] INFO  o.s.b.t.c.SpringBootTestContextBootstrapper - Found @SpringBootConfiguration com.wipro0.SpringBootAppApplication for test class com.wipro0.SpringBootAppApplicationTests
15:03:53.445 [main] INFO  o.s.b.d.r.RestartApplicationListener - Restart disabled due to context in which it is running
15:03:53.776 [main] INFO  c.w.SpringBootAppApplicationTests - Starting SpringBootAppApplicationTests using Java 17.0.10 with PID 111236 (started by rps in /home/rps/eclipse-workspace/spring-boot-app)
15:03:53.782 [main] INFO  c.w.SpringBootAppApplicationTests - No active profile set, falling back to 1 default profile: "default"
15:03:55.073 [main] INFO  c.w.SpringBootAppApplicationTests - Started SpringBootAppApplicationTests in 1.642 seconds (process running for 3.262)
15:12:18.059 [main] INFO  o.s.t.c.s.AnnotationConfigContextLoaderUtils - Could not detect default configuration classes for test class [com.wipro0.SpringBootAppApplicationTests]: SpringBootAppApplicationTests does not declare any static, non-private, non-final, nested classes annotated with @Configuration.
15:12:18.191 [main] INFO  o.s.b.t.c.SpringBootTestContextBootstrapper - Found @SpringBootConfiguration com.wipro0.SpringBootAppApplication for test class com.wipro0.SpringBootAppApplicationTests
15:12:18.392 [main] INFO  o.s.b.d.r.RestartApplicationListener - Restart disabled due to context in which it is running
15:12:18.676 [main] INFO  c.w.SpringBootAppApplicationTests - Starting SpringBootAppApplicationTests using Java 17.0.10 with PID 111774 (started by rps in /home/rps/eclipse-workspace/spring-boot-app)
15:12:18.677 [main] INFO  c.w.SpringBootAppApplicationTests - No active profile set, falling back to 1 default profile: "default"
15:12:19.973 [main] INFO  c.w.SpringBootAppApplicationTests - Started SpringBootAppApplicationTests in 1.596 seconds (process running for 3.093)
15:14:46.383 [restartedMain] INFO  com.wipro0.SpringBootAppApplication - Starting SpringBootAppApplication using Java 17.0.10 with PID 111996 (/home/rps/eclipse-workspace/spring-boot-app/target/classes started by rps in /home/rps/eclipse-workspace/spring-boot-app)
15:14:46.386 [restartedMain] INFO  com.wipro0.SpringBootAppApplication - No active profile set, falling back to 1 default profile: "default"
15:14:46.467 [restartedMain] INFO  o.s.b.d.e.DevToolsPropertyDefaultsPostProcessor - Devtools property defaults active! Set 'spring.devtools.add-properties' to 'false' to disable
15:14:46.468 [restartedMain] INFO  o.s.b.d.e.DevToolsPropertyDefaultsPostProcessor - For additional web related logging consider setting the 'logging.level.web' property to 'DEBUG'
15:14:47.748 [restartedMain] INFO  o.s.b.w.e.tomcat.TomcatWebServer - Tomcat initialized with port 9090 (http)
15:14:47.761 [restartedMain] INFO  o.a.coyote.http11.Http11NioProtocol - Initializing ProtocolHandler ["http-nio-9090"]
15:14:47.764 [restartedMain] INFO  o.a.catalina.core.StandardService - Starting service [Tomcat]
15:14:47.765 [restartedMain] INFO  o.a.catalina.core.StandardEngine - Starting Servlet engine: [Apache Tomcat/10.1.24]
15:14:47.855 [restartedMain] INFO  o.a.c.c.C.[Tomcat].[localhost].[/] - Initializing Spring embedded WebApplicationContext
15:14:47.856 [restartedMain] INFO  o.s.b.w.s.c.ServletWebServerApplicationContext - Root WebApplicationContext: initialization completed in 1387 ms
15:14:48.325 [restartedMain] INFO  o.s.b.d.a.OptionalLiveReloadServer - LiveReload server is running on port 35729
15:14:48.342 [restartedMain] INFO  o.a.coyote.http11.Http11NioProtocol - Starting ProtocolHandler ["http-nio-9090"]
15:14:48.392 [restartedMain] INFO  o.s.b.w.e.tomcat.TomcatWebServer - Tomcat started on port 9090 (http) with context path '/'
15:14:48.430 [restartedMain] INFO  com.wipro0.SpringBootAppApplication - Started SpringBootAppApplication in 2.495 seconds (process running for 3.355)
15:14:57.426 [http-nio-9090-exec-3] INFO  o.a.c.c.C.[Tomcat].[localhost].[/] - Initializing Spring DispatcherServlet 'dispatcherServlet'
15:14:57.428 [http-nio-9090-exec-3] INFO  o.s.web.servlet.DispatcherServlet - Initializing Servlet 'dispatcherServlet'
15:14:57.432 [http-nio-9090-exec-3] INFO  o.s.web.servlet.DispatcherServlet - Completed initialization in 3 ms
15:14:57.499 [http-nio-9090-exec-3] INFO  c.wipro0.controller.UserController - user1,user1@123
15:15:06.758 [http-nio-9090-exec-2] INFO  c.wipro0.controller.UserController - user1,user1@123
15:19:15.108 [File Watcher] INFO  o.s.b.d.a.LocalDevToolsAutoConfiguration$RestartingClassPathChangeChangedEventListener - Restarting due to 1 class path change (0 additions, 0 deletions, 1 modification)
15:19:15.116 [Thread-5] INFO  o.a.coyote.http11.Http11NioProtocol - Stopping ProtocolHandler ["http-nio-9090"]
15:19:15.286 [restartedMain] INFO  com.wipro0.SpringBootAppApplication - Starting SpringBootAppApplication using Java 17.0.10 with PID 111996 (/home/rps/eclipse-workspace/spring-boot-app/target/classes started by rps in /home/rps/eclipse-workspace/spring-boot-app)
15:19:15.287 [restartedMain] INFO  com.wipro0.SpringBootAppApplication - No active profile set, falling back to 1 default profile: "default"
15:19:15.596 [restartedMain] INFO  o.s.b.w.e.tomcat.TomcatWebServer - Tomcat initialized with port 9090 (http)
15:19:15.597 [restartedMain] INFO  o.a.coyote.http11.Http11NioProtocol - Initializing ProtocolHandler ["http-nio-9090"]
15:19:15.597 [restartedMain] INFO  o.a.catalina.core.StandardService - Starting service [Tomcat]
15:19:15.597 [restartedMain] INFO  o.a.catalina.core.StandardEngine - Starting Servlet engine: [Apache Tomcat/10.1.24]
15:19:15.619 [restartedMain] INFO  o.a.c.c.C.[Tomcat].[localhost].[/] - Initializing Spring embedded WebApplicationContext
15:19:15.619 [restartedMain] INFO  o.s.b.w.s.c.ServletWebServerApplicationContext - Root WebApplicationContext: initialization completed in 328 ms
15:19:15.736 [restartedMain] INFO  o.s.b.d.a.OptionalLiveReloadServer - LiveReload server is running on port 35729
15:19:15.742 [restartedMain] INFO  o.a.coyote.http11.Http11NioProtocol - Starting ProtocolHandler ["http-nio-9090"]
15:19:15.743 [restartedMain] INFO  o.s.b.w.e.tomcat.TomcatWebServer - Tomcat started on port 9090 (http) with context path '/'
15:19:15.747 [restartedMain] INFO  com.wipro0.SpringBootAppApplication - Started SpringBootAppApplication in 0.537 seconds (process running for 270.672)
15:19:15.749 [restartedMain] INFO  o.s.b.d.a.ConditionEvaluationDeltaLoggingListener - Condition evaluation unchanged
15:19:59.125 [http-nio-9090-exec-2] INFO  o.a.c.c.C.[Tomcat].[localhost].[/] - Initializing Spring DispatcherServlet 'dispatcherServlet'
15:19:59.126 [http-nio-9090-exec-2] INFO  o.s.web.servlet.DispatcherServlet - Initializing Servlet 'dispatcherServlet'
15:19:59.127 [http-nio-9090-exec-2] INFO  o.s.web.servlet.DispatcherServlet - Completed initialization in 1 ms
15:21:09.374 [restartedMain] INFO  com.wipro0.SpringBootAppApplication - Starting SpringBootAppApplication using Java 17.0.10 with PID 112371 (/home/rps/eclipse-workspace/spring-boot-app/target/classes started by rps in /home/rps/eclipse-workspace/spring-boot-app)
15:21:09.381 [restartedMain] INFO  com.wipro0.SpringBootAppApplication - No active profile set, falling back to 1 default profile: "default"
15:21:09.480 [restartedMain] INFO  o.s.b.d.e.DevToolsPropertyDefaultsPostProcessor - Devtools property defaults active! Set 'spring.devtools.add-properties' to 'false' to disable
15:21:09.482 [restartedMain] INFO  o.s.b.d.e.DevToolsPropertyDefaultsPostProcessor - For additional web related logging consider setting the 'logging.level.web' property to 'DEBUG'
15:21:11.215 [restartedMain] INFO  o.s.b.w.e.tomcat.TomcatWebServer - Tomcat initialized with port 9090 (http)
15:21:11.235 [restartedMain] INFO  o.a.coyote.http11.Http11NioProtocol - Initializing ProtocolHandler ["http-nio-9090"]
15:21:11.242 [restartedMain] INFO  o.a.catalina.core.StandardService - Starting service [Tomcat]
15:21:11.243 [restartedMain] INFO  o.a.catalina.core.StandardEngine - Starting Servlet engine: [Apache Tomcat/10.1.24]
15:21:11.372 [restartedMain] INFO  o.a.c.c.C.[Tomcat].[localhost].[/] - Initializing Spring embedded WebApplicationContext
15:21:11.373 [restartedMain] INFO  o.s.b.w.s.c.ServletWebServerApplicationContext - Root WebApplicationContext: initialization completed in 1890 ms
15:21:11.851 [restartedMain] INFO  o.s.b.d.a.OptionalLiveReloadServer - LiveReload server is running on port 35729
15:21:11.876 [restartedMain] INFO  o.a.coyote.http11.Http11NioProtocol - Starting ProtocolHandler ["http-nio-9090"]
15:21:11.891 [restartedMain] INFO  o.s.b.w.e.tomcat.TomcatWebServer - Tomcat started on port 9090 (http) with context path '/'
15:21:11.906 [restartedMain] INFO  com.wipro0.SpringBootAppApplication - Started SpringBootAppApplication in 3.097 seconds (process running for 4.208)
15:21:16.855 [http-nio-9090-exec-2] INFO  o.a.c.c.C.[Tomcat].[localhost].[/] - Initializing Spring DispatcherServlet 'dispatcherServlet'
15:21:16.855 [http-nio-9090-exec-2] INFO  o.s.web.servlet.DispatcherServlet - Initializing Servlet 'dispatcherServlet'
15:21:16.857 [http-nio-9090-exec-2] INFO  o.s.web.servlet.DispatcherServlet - Completed initialization in 2 ms
15:22:58.402 [File Watcher] INFO  o.s.b.d.a.LocalDevToolsAutoConfiguration$RestartingClassPathChangeChangedEventListener - Restarting due to 1 class path change (0 additions, 0 deletions, 1 modification)
15:22:58.408 [Thread-5] INFO  o.a.coyote.http11.Http11NioProtocol - Stopping ProtocolHandler ["http-nio-9090"]
15:22:58.572 [restartedMain] INFO  com.wipro0.SpringBootAppApplication - Starting SpringBootAppApplication using Java 17.0.10 with PID 112371 (/home/rps/eclipse-workspace/spring-boot-app/target/classes started by rps in /home/rps/eclipse-workspace/spring-boot-app)
15:22:58.576 [restartedMain] INFO  com.wipro0.SpringBootAppApplication - No active profile set, falling back to 1 default profile: "default"
15:22:59.041 [restartedMain] INFO  o.s.b.w.e.tomcat.TomcatWebServer - Tomcat initialized with port 9090 (http)
15:22:59.043 [restartedMain] INFO  o.a.coyote.http11.Http11NioProtocol - Initializing ProtocolHandler ["http-nio-9090"]
15:22:59.044 [restartedMain] INFO  o.a.catalina.core.StandardService - Starting service [Tomcat]
15:22:59.044 [restartedMain] INFO  o.a.catalina.core.StandardEngine - Starting Servlet engine: [Apache Tomcat/10.1.24]
15:22:59.067 [restartedMain] INFO  o.a.c.c.C.[Tomcat].[localhost].[/] - Initializing Spring embedded WebApplicationContext
15:22:59.067 [restartedMain] INFO  o.s.b.w.s.c.ServletWebServerApplicationContext - Root WebApplicationContext: initialization completed in 481 ms
15:22:59.234 [restartedMain] INFO  o.s.b.d.a.OptionalLiveReloadServer - LiveReload server is running on port 35729
15:22:59.259 [restartedMain] INFO  o.a.coyote.http11.Http11NioProtocol - Starting ProtocolHandler ["http-nio-9090"]
15:22:59.265 [restartedMain] INFO  o.s.b.w.e.tomcat.TomcatWebServer - Tomcat started on port 9090 (http) with context path '/'
15:22:59.272 [restartedMain] INFO  com.wipro0.SpringBootAppApplication - Started SpringBootAppApplication in 0.787 seconds (process running for 111.575)
15:22:59.275 [restartedMain] INFO  o.s.b.d.a.ConditionEvaluationDeltaLoggingListener - Condition evaluation unchanged
15:23:54.712 [File Watcher] INFO  o.s.b.d.a.LocalDevToolsAutoConfiguration$RestartingClassPathChangeChangedEventListener - Restarting due to 1 class path change (0 additions, 0 deletions, 1 modification)
15:23:54.714 [Thread-7] INFO  o.a.coyote.http11.Http11NioProtocol - Stopping ProtocolHandler ["http-nio-9090"]
15:23:54.826 [restartedMain] INFO  com.wipro0.SpringBootAppApplication - Starting SpringBootAppApplication using Java 17.0.10 with PID 112371 (/home/rps/eclipse-workspace/spring-boot-app/target/classes started by rps in /home/rps/eclipse-workspace/spring-boot-app)
15:23:54.826 [restartedMain] INFO  com.wipro0.SpringBootAppApplication - No active profile set, falling back to 1 default profile: "default"
15:23:55.083 [restartedMain] INFO  o.s.b.w.e.tomcat.TomcatWebServer - Tomcat initialized with port 9090 (http)
15:23:55.084 [restartedMain] INFO  o.a.coyote.http11.Http11NioProtocol - Initializing ProtocolHandler ["http-nio-9090"]
15:23:55.090 [restartedMain] INFO  o.a.catalina.core.StandardService - Starting service [Tomcat]
15:23:55.091 [restartedMain] INFO  o.a.catalina.core.StandardEngine - Starting Servlet engine: [Apache Tomcat/10.1.24]
15:23:55.098 [restartedMain] INFO  o.a.c.c.C.[Tomcat].[localhost].[/] - Initializing Spring embedded WebApplicationContext
15:23:55.099 [restartedMain] INFO  o.s.b.w.s.c.ServletWebServerApplicationContext - Root WebApplicationContext: initialization completed in 271 ms
15:23:55.216 [restartedMain] INFO  o.s.b.d.a.OptionalLiveReloadServer - LiveReload server is running on port 35729
15:23:55.225 [restartedMain] INFO  o.a.coyote.http11.Http11NioProtocol - Starting ProtocolHandler ["http-nio-9090"]
15:23:55.227 [restartedMain] INFO  o.s.b.w.e.tomcat.TomcatWebServer - Tomcat started on port 9090 (http) with context path '/'
15:23:55.236 [restartedMain] INFO  com.wipro0.SpringBootAppApplication - Started SpringBootAppApplication in 0.46 seconds (process running for 167.539)
15:23:55.238 [restartedMain] INFO  o.s.b.d.a.ConditionEvaluationDeltaLoggingListener - Condition evaluation unchanged
15:24:03.611 [http-nio-9090-exec-2] INFO  o.a.c.c.C.[Tomcat].[localhost].[/] - Initializing Spring DispatcherServlet 'dispatcherServlet'
15:24:03.611 [http-nio-9090-exec-2] INFO  o.s.web.servlet.DispatcherServlet - Initializing Servlet 'dispatcherServlet'
15:24:03.612 [http-nio-9090-exec-2] INFO  o.s.web.servlet.DispatcherServlet - Completed initialization in 1 ms
15:30:20.130 [File Watcher] INFO  o.s.b.d.a.LocalDevToolsAutoConfiguration$RestartingClassPathChangeChangedEventListener - Restarting due to 1 class path change (0 additions, 0 deletions, 1 modification)
15:30:20.134 [Thread-11] INFO  o.a.coyote.http11.Http11NioProtocol - Stopping ProtocolHandler ["http-nio-9090"]
15:30:20.272 [restartedMain] INFO  com.wipro0.SpringBootAppApplication - Starting SpringBootAppApplication using Java 17.0.10 with PID 112371 (/home/rps/eclipse-workspace/spring-boot-app/target/classes started by rps in /home/rps/eclipse-workspace/spring-boot-app)
15:30:20.273 [restartedMain] INFO  com.wipro0.SpringBootAppApplication - No active profile set, falling back to 1 default profile: "default"
15:30:20.471 [restartedMain] INFO  o.s.b.w.e.tomcat.TomcatWebServer - Tomcat initialized with port 9090 (http)
15:30:20.472 [restartedMain] INFO  o.a.coyote.http11.Http11NioProtocol - Initializing ProtocolHandler ["http-nio-9090"]
15:30:20.473 [restartedMain] INFO  o.a.catalina.core.StandardService - Starting service [Tomcat]
15:30:20.473 [restartedMain] INFO  o.a.catalina.core.StandardEngine - Starting Servlet engine: [Apache Tomcat/10.1.24]
15:30:20.481 [restartedMain] INFO  o.a.c.c.C.[Tomcat].[localhost].[/] - Initializing Spring embedded WebApplicationContext
15:30:20.481 [restartedMain] INFO  o.s.b.w.s.c.ServletWebServerApplicationContext - Root WebApplicationContext: initialization completed in 205 ms
15:30:20.575 [restartedMain] INFO  o.s.b.d.a.OptionalLiveReloadServer - LiveReload server is running on port 35729
15:30:20.580 [restartedMain] INFO  o.a.coyote.http11.Http11NioProtocol - Starting ProtocolHandler ["http-nio-9090"]
15:30:20.582 [restartedMain] INFO  o.s.b.w.e.tomcat.TomcatWebServer - Tomcat started on port 9090 (http) with context path '/'
15:30:20.585 [restartedMain] INFO  com.wipro0.SpringBootAppApplication - Started SpringBootAppApplication in 0.351 seconds (process running for 552.888)
15:30:20.587 [restartedMain] INFO  o.s.b.d.a.ConditionEvaluationDeltaLoggingListener - Condition evaluation unchanged
15:30:23.980 [File Watcher] INFO  o.s.b.d.a.LocalDevToolsAutoConfiguration$RestartingClassPathChangeChangedEventListener - Restarting due to 1 class path change (0 additions, 0 deletions, 1 modification)
15:30:23.982 [Thread-15] INFO  o.a.coyote.http11.Http11NioProtocol - Stopping ProtocolHandler ["http-nio-9090"]
15:30:24.074 [restartedMain] INFO  com.wipro0.SpringBootAppApplication - Starting SpringBootAppApplication using Java 17.0.10 with PID 112371 (/home/rps/eclipse-workspace/spring-boot-app/target/classes started by rps in /home/rps/eclipse-workspace/spring-boot-app)
15:30:24.074 [restartedMain] INFO  com.wipro0.SpringBootAppApplication - No active profile set, falling back to 1 default profile: "default"
15:30:24.301 [restartedMain] INFO  o.s.b.w.e.tomcat.TomcatWebServer - Tomcat initialized with port 9090 (http)
15:30:24.301 [restartedMain] INFO  o.a.coyote.http11.Http11NioProtocol - Initializing ProtocolHandler ["http-nio-9090"]
15:30:24.302 [restartedMain] INFO  o.a.catalina.core.StandardService - Starting service [Tomcat]
15:30:24.302 [restartedMain] INFO  o.a.catalina.core.StandardEngine - Starting Servlet engine: [Apache Tomcat/10.1.24]
15:30:24.316 [restartedMain] INFO  o.a.c.c.C.[Tomcat].[localhost].[/] - Initializing Spring embedded WebApplicationContext
15:30:24.316 [restartedMain] INFO  o.s.b.w.s.c.ServletWebServerApplicationContext - Root WebApplicationContext: initialization completed in 236 ms
15:30:24.448 [restartedMain] INFO  o.s.b.d.a.OptionalLiveReloadServer - LiveReload server is running on port 35729
15:30:24.462 [restartedMain] INFO  o.a.coyote.http11.Http11NioProtocol - Starting ProtocolHandler ["http-nio-9090"]
15:30:24.463 [restartedMain] INFO  o.s.b.w.e.tomcat.TomcatWebServer - Tomcat started on port 9090 (http) with context path '/'
15:30:24.468 [restartedMain] INFO  com.wipro0.SpringBootAppApplication - Started SpringBootAppApplication in 0.422 seconds (process running for 556.77)
15:30:24.469 [restartedMain] INFO  o.s.b.d.a.ConditionEvaluationDeltaLoggingListener - Condition evaluation unchanged
15:30:32.021 [restartedMain] INFO  com.wipro0.SpringBootAppApplication - Starting SpringBootAppApplication using Java 17.0.10 with PID 112927 (/home/rps/eclipse-workspace/spring-boot-app/target/classes started by rps in /home/rps/eclipse-workspace/spring-boot-app)
15:30:32.024 [restartedMain] INFO  com.wipro0.SpringBootAppApplication - No active profile set, falling back to 1 default profile: "default"
15:30:32.110 [restartedMain] INFO  o.s.b.d.e.DevToolsPropertyDefaultsPostProcessor - Devtools property defaults active! Set 'spring.devtools.add-properties' to 'false' to disable
15:30:32.110 [restartedMain] INFO  o.s.b.d.e.DevToolsPropertyDefaultsPostProcessor - For additional web related logging consider setting the 'logging.level.web' property to 'DEBUG'
15:30:33.782 [restartedMain] INFO  o.s.b.w.e.tomcat.TomcatWebServer - Tomcat initialized with port 9090 (http)
15:30:33.793 [restartedMain] INFO  o.a.coyote.http11.Http11NioProtocol - Initializing ProtocolHandler ["http-nio-9090"]
15:30:33.796 [restartedMain] INFO  o.a.catalina.core.StandardService - Starting service [Tomcat]
15:30:33.797 [restartedMain] INFO  o.a.catalina.core.StandardEngine - Starting Servlet engine: [Apache Tomcat/10.1.24]
15:30:33.886 [restartedMain] INFO  o.a.c.c.C.[Tomcat].[localhost].[/] - Initializing Spring embedded WebApplicationContext
15:30:33.887 [restartedMain] INFO  o.s.b.w.s.c.ServletWebServerApplicationContext - Root WebApplicationContext: initialization completed in 1776 ms
15:30:34.409 [restartedMain] WARN  o.s.b.d.a.OptionalLiveReloadServer - Unable to start LiveReload server
15:30:34.435 [restartedMain] INFO  o.a.coyote.http11.Http11NioProtocol - Starting ProtocolHandler ["http-nio-9090"]
15:30:34.448 [restartedMain] WARN  o.s.b.w.s.c.AnnotationConfigServletWebServerApplicationContext - Exception encountered during context initialization - cancelling refresh attempt: org.springframework.context.ApplicationContextException: Failed to start bean 'webServerStartStop'
15:30:34.480 [restartedMain] INFO  o.s.b.a.l.ConditionEvaluationReportLogger - 

Error starting ApplicationContext. To display the condition evaluation report re-run your application with 'debug' enabled.
15:30:34.539 [restartedMain] ERROR o.s.b.d.LoggingFailureAnalysisReporter - 

***************************
APPLICATION FAILED TO START
***************************

Description:

Web server failed to start. Port 9090 was already in use.

Action:

Identify and stop the process that's listening on port 9090 or configure this application to listen on another port.

15:31:13.152 [http-nio-9090-exec-2] INFO  o.a.c.c.C.[Tomcat].[localhost].[/] - Initializing Spring DispatcherServlet 'dispatcherServlet'
15:31:13.152 [http-nio-9090-exec-2] INFO  o.s.web.servlet.DispatcherServlet - Initializing Servlet 'dispatcherServlet'
15:31:13.153 [http-nio-9090-exec-2] INFO  o.s.web.servlet.DispatcherServlet - Completed initialization in 1 ms
15:32:55.085 [restartedMain] INFO  com.wipro0.SpringBootAppApplication - Starting SpringBootAppApplication using Java 17.0.10 with PID 113141 (/home/rps/eclipse-workspace/spring-boot-app/target/classes started by rps in /home/rps/eclipse-workspace/spring-boot-app)
15:32:55.088 [restartedMain] INFO  com.wipro0.SpringBootAppApplication - No active profile set, falling back to 1 default profile: "default"
15:32:55.211 [restartedMain] INFO  o.s.b.d.e.DevToolsPropertyDefaultsPostProcessor - Devtools property defaults active! Set 'spring.devtools.add-properties' to 'false' to disable
15:32:55.212 [restartedMain] INFO  o.s.b.d.e.DevToolsPropertyDefaultsPostProcessor - For additional web related logging consider setting the 'logging.level.web' property to 'DEBUG'
15:32:56.635 [restartedMain] INFO  o.s.b.w.e.tomcat.TomcatWebServer - Tomcat initialized with port 9090 (http)
15:32:56.653 [restartedMain] INFO  o.a.coyote.http11.Http11NioProtocol - Initializing ProtocolHandler ["http-nio-9090"]
15:32:56.660 [restartedMain] INFO  o.a.catalina.core.StandardService - Starting service [Tomcat]
15:32:56.661 [restartedMain] INFO  o.a.catalina.core.StandardEngine - Starting Servlet engine: [Apache Tomcat/10.1.24]
15:32:56.734 [restartedMain] INFO  o.a.c.c.C.[Tomcat].[localhost].[/] - Initializing Spring embedded WebApplicationContext
15:32:56.735 [restartedMain] INFO  o.s.b.w.s.c.ServletWebServerApplicationContext - Root WebApplicationContext: initialization completed in 1522 ms
15:32:57.487 [restartedMain] INFO  o.s.b.d.a.OptionalLiveReloadServer - LiveReload server is running on port 35729
15:32:57.509 [restartedMain] INFO  o.a.coyote.http11.Http11NioProtocol - Starting ProtocolHandler ["http-nio-9090"]
15:32:57.521 [restartedMain] INFO  o.s.b.w.e.tomcat.TomcatWebServer - Tomcat started on port 9090 (http) with context path '/'
15:32:57.538 [restartedMain] INFO  com.wipro0.SpringBootAppApplication - Started SpringBootAppApplication in 3.085 seconds (process running for 3.94)
15:33:23.391 [http-nio-9090-exec-2] INFO  o.a.c.c.C.[Tomcat].[localhost].[/] - Initializing Spring DispatcherServlet 'dispatcherServlet'
15:33:23.391 [http-nio-9090-exec-2] INFO  o.s.web.servlet.DispatcherServlet - Initializing Servlet 'dispatcherServlet'
15:33:23.392 [http-nio-9090-exec-2] INFO  o.s.web.servlet.DispatcherServlet - Completed initialization in 1 ms
15:35:45.088 [File Watcher] INFO  o.s.b.d.a.LocalDevToolsAutoConfiguration$RestartingClassPathChangeChangedEventListener - Restarting due to 1 class path change (0 additions, 0 deletions, 1 modification)
15:35:45.095 [Thread-5] INFO  o.a.coyote.http11.Http11NioProtocol - Stopping ProtocolHandler ["http-nio-9090"]
15:35:45.214 [restartedMain] INFO  com.wipro0.SpringBootAppApplication - Starting SpringBootAppApplication using Java 17.0.10 with PID 113141 (/home/rps/eclipse-workspace/spring-boot-app/target/classes started by rps in /home/rps/eclipse-workspace/spring-boot-app)
15:35:45.215 [restartedMain] INFO  com.wipro0.SpringBootAppApplication - No active profile set, falling back to 1 default profile: "default"
15:35:45.567 [restartedMain] INFO  o.s.b.w.e.tomcat.TomcatWebServer - Tomcat initialized with port 9090 (http)
15:35:45.568 [restartedMain] INFO  o.a.coyote.http11.Http11NioProtocol - Initializing ProtocolHandler ["http-nio-9090"]
15:35:45.569 [restartedMain] INFO  o.a.catalina.core.StandardService - Starting service [Tomcat]
15:35:45.569 [restartedMain] INFO  o.a.catalina.core.StandardEngine - Starting Servlet engine: [Apache Tomcat/10.1.24]
15:35:45.587 [restartedMain] INFO  o.a.c.c.C.[Tomcat].[localhost].[/] - Initializing Spring embedded WebApplicationContext
15:35:45.588 [restartedMain] INFO  o.s.b.w.s.c.ServletWebServerApplicationContext - Root WebApplicationContext: initialization completed in 370 ms
15:35:45.713 [restartedMain] INFO  o.s.b.d.a.OptionalLiveReloadServer - LiveReload server is running on port 35729
15:35:45.719 [restartedMain] INFO  o.a.coyote.http11.Http11NioProtocol - Starting ProtocolHandler ["http-nio-9090"]
15:35:45.720 [restartedMain] INFO  o.s.b.w.e.tomcat.TomcatWebServer - Tomcat started on port 9090 (http) with context path '/'
15:35:45.724 [restartedMain] INFO  com.wipro0.SpringBootAppApplication - Started SpringBootAppApplication in 0.561 seconds (process running for 172.126)
15:35:45.728 [restartedMain] INFO  o.s.b.d.a.ConditionEvaluationDeltaLoggingListener - Condition evaluation unchanged
15:36:01.142 [restartedMain] INFO  com.wipro0.SpringBootAppApplication - Starting SpringBootAppApplication using Java 17.0.10 with PID 113384 (/home/rps/eclipse-workspace/spring-boot-app/target/classes started by rps in /home/rps/eclipse-workspace/spring-boot-app)
15:36:01.145 [restartedMain] INFO  com.wipro0.SpringBootAppApplication - No active profile set, falling back to 1 default profile: "default"
15:36:01.217 [restartedMain] INFO  o.s.b.d.e.DevToolsPropertyDefaultsPostProcessor - Devtools property defaults active! Set 'spring.devtools.add-properties' to 'false' to disable
15:36:01.217 [restartedMain] INFO  o.s.b.d.e.DevToolsPropertyDefaultsPostProcessor - For additional web related logging consider setting the 'logging.level.web' property to 'DEBUG'
15:36:02.688 [restartedMain] INFO  o.s.b.w.e.tomcat.TomcatWebServer - Tomcat initialized with port 9090 (http)
15:36:02.700 [restartedMain] INFO  o.a.coyote.http11.Http11NioProtocol - Initializing ProtocolHandler ["http-nio-9090"]
15:36:02.704 [restartedMain] INFO  o.a.catalina.core.StandardService - Starting service [Tomcat]
15:36:02.704 [restartedMain] INFO  o.a.catalina.core.StandardEngine - Starting Servlet engine: [Apache Tomcat/10.1.24]
15:36:02.787 [restartedMain] INFO  o.a.c.c.C.[Tomcat].[localhost].[/] - Initializing Spring embedded WebApplicationContext
15:36:02.788 [restartedMain] INFO  o.s.b.w.s.c.ServletWebServerApplicationContext - Root WebApplicationContext: initialization completed in 1570 ms
15:36:03.308 [restartedMain] INFO  o.s.b.d.a.OptionalLiveReloadServer - LiveReload server is running on port 35729
15:36:03.324 [restartedMain] INFO  o.a.coyote.http11.Http11NioProtocol - Starting ProtocolHandler ["http-nio-9090"]
15:36:03.336 [restartedMain] INFO  o.s.b.w.e.tomcat.TomcatWebServer - Tomcat started on port 9090 (http) with context path '/'
15:36:03.357 [restartedMain] INFO  com.wipro0.SpringBootAppApplication - Started SpringBootAppApplication in 2.64 seconds (process running for 3.535)
15:36:44.762 [File Watcher] INFO  o.s.b.d.a.LocalDevToolsAutoConfiguration$RestartingClassPathChangeChangedEventListener - Restarting due to 1 class path change (0 additions, 0 deletions, 1 modification)
15:36:44.771 [Thread-5] INFO  o.a.coyote.http11.Http11NioProtocol - Stopping ProtocolHandler ["http-nio-9090"]
15:36:44.901 [restartedMain] INFO  com.wipro0.SpringBootAppApplication - Starting SpringBootAppApplication using Java 17.0.10 with PID 113384 (/home/rps/eclipse-workspace/spring-boot-app/target/classes started by rps in /home/rps/eclipse-workspace/spring-boot-app)
15:36:44.910 [restartedMain] INFO  com.wipro0.SpringBootAppApplication - No active profile set, falling back to 1 default profile: "default"
15:36:45.299 [restartedMain] INFO  o.s.b.w.e.tomcat.TomcatWebServer - Tomcat initialized with port 9091 (http)
15:36:45.300 [restartedMain] INFO  o.a.coyote.http11.Http11NioProtocol - Initializing ProtocolHandler ["http-nio-9091"]
15:36:45.300 [restartedMain] INFO  o.a.catalina.core.StandardService - Starting service [Tomcat]
15:36:45.300 [restartedMain] INFO  o.a.catalina.core.StandardEngine - Starting Servlet engine: [Apache Tomcat/10.1.24]
15:36:45.318 [restartedMain] INFO  o.a.c.c.C.[Tomcat].[localhost].[/] - Initializing Spring embedded WebApplicationContext
15:36:45.318 [restartedMain] INFO  o.s.b.w.s.c.ServletWebServerApplicationContext - Root WebApplicationContext: initialization completed in 404 ms
15:36:45.478 [restartedMain] INFO  o.s.b.d.a.OptionalLiveReloadServer - LiveReload server is running on port 35729
15:36:45.487 [restartedMain] INFO  o.s.b.w.e.tomcat.TomcatWebServer - Tomcat started on port 9091 (http) with context path '/'
15:36:45.492 [restartedMain] INFO  com.wipro0.SpringBootAppApplication - Started SpringBootAppApplication in 0.65 seconds (process running for 45.669)
15:36:45.494 [restartedMain] INFO  o.s.b.d.a.ConditionEvaluationDeltaLoggingListener - Condition evaluation unchanged
15:37:00.181 [restartedMain] INFO  com.wipro0.SpringBootAppApplication - Starting SpringBootAppApplication using Java 17.0.10 with PID 113506 (/home/rps/eclipse-workspace/spring-boot-app/target/classes started by rps in /home/rps/eclipse-workspace/spring-boot-app)
15:37:00.184 [restartedMain] INFO  com.wipro0.SpringBootAppApplication - No active profile set, falling back to 1 default profile: "default"
15:37:00.244 [restartedMain] INFO  o.s.b.d.e.DevToolsPropertyDefaultsPostProcessor - Devtools property defaults active! Set 'spring.devtools.add-properties' to 'false' to disable
15:37:00.245 [restartedMain] INFO  o.s.b.d.e.DevToolsPropertyDefaultsPostProcessor - For additional web related logging consider setting the 'logging.level.web' property to 'DEBUG'
15:37:01.521 [restartedMain] INFO  o.s.b.w.e.tomcat.TomcatWebServer - Tomcat initialized with port 9091 (http)
15:37:01.533 [restartedMain] INFO  o.a.coyote.http11.Http11NioProtocol - Initializing ProtocolHandler ["http-nio-9091"]
15:37:01.547 [restartedMain] INFO  o.a.catalina.core.StandardService - Starting service [Tomcat]
15:37:01.547 [restartedMain] INFO  o.a.catalina.core.StandardEngine - Starting Servlet engine: [Apache Tomcat/10.1.24]
15:37:01.653 [restartedMain] INFO  o.a.c.c.C.[Tomcat].[localhost].[/] - Initializing Spring embedded WebApplicationContext
15:37:01.658 [restartedMain] INFO  o.s.b.w.s.c.ServletWebServerApplicationContext - Root WebApplicationContext: initialization completed in 1413 ms
15:37:02.275 [restartedMain] INFO  o.s.b.d.a.OptionalLiveReloadServer - LiveReload server is running on port 35729
15:37:02.299 [restartedMain] INFO  o.a.coyote.http11.Http11NioProtocol - Starting ProtocolHandler ["http-nio-9091"]
15:37:02.324 [restartedMain] INFO  o.s.b.w.e.tomcat.TomcatWebServer - Tomcat started on port 9091 (http) with context path '/'
15:37:02.344 [restartedMain] INFO  com.wipro0.SpringBootAppApplication - Started SpringBootAppApplication in 2.658 seconds (process running for 3.505)
15:37:44.739 [File Watcher] INFO  o.s.b.d.a.LocalDevToolsAutoConfiguration$RestartingClassPathChangeChangedEventListener - Restarting due to 1 class path change (0 additions, 0 deletions, 1 modification)
15:37:44.746 [Thread-5] INFO  o.a.coyote.http11.Http11NioProtocol - Stopping ProtocolHandler ["http-nio-9091"]
15:37:44.928 [restartedMain] INFO  com.wipro0.SpringBootAppApplication - Starting SpringBootAppApplication using Java 17.0.10 with PID 113506 (/home/rps/eclipse-workspace/spring-boot-app/target/classes started by rps in /home/rps/eclipse-workspace/spring-boot-app)
15:37:44.928 [restartedMain] INFO  com.wipro0.SpringBootAppApplication - No active profile set, falling back to 1 default profile: "default"
15:37:45.290 [restartedMain] INFO  o.s.b.w.e.tomcat.TomcatWebServer - Tomcat initialized with port 9090 (http)
15:37:45.291 [restartedMain] INFO  o.a.coyote.http11.Http11NioProtocol - Initializing ProtocolHandler ["http-nio-9090"]
15:37:45.292 [restartedMain] INFO  o.a.catalina.core.StandardService - Starting service [Tomcat]
15:37:45.292 [restartedMain] INFO  o.a.catalina.core.StandardEngine - Starting Servlet engine: [Apache Tomcat/10.1.24]
15:37:45.315 [restartedMain] INFO  o.a.c.c.C.[Tomcat].[localhost].[/] - Initializing Spring embedded WebApplicationContext
15:37:45.315 [restartedMain] INFO  o.s.b.w.s.c.ServletWebServerApplicationContext - Root WebApplicationContext: initialization completed in 384 ms
15:37:45.449 [restartedMain] INFO  o.s.b.d.a.OptionalLiveReloadServer - LiveReload server is running on port 35729
15:37:45.454 [restartedMain] INFO  o.a.coyote.http11.Http11NioProtocol - Starting ProtocolHandler ["http-nio-9090"]
15:37:45.459 [restartedMain] INFO  o.s.b.w.e.tomcat.TomcatWebServer - Tomcat started on port 9090 (http) with context path '/'
15:37:45.466 [restartedMain] INFO  com.wipro0.SpringBootAppApplication - Started SpringBootAppApplication in 0.598 seconds (process running for 46.627)
15:37:45.468 [restartedMain] INFO  o.s.b.d.a.ConditionEvaluationDeltaLoggingListener - Condition evaluation unchanged
15:42:54.281 [File Watcher] INFO  o.s.b.d.a.LocalDevToolsAutoConfiguration$RestartingClassPathChangeChangedEventListener - Restarting due to 1 class path change (0 additions, 0 deletions, 1 modification)
15:42:54.284 [Thread-7] INFO  o.a.coyote.http11.Http11NioProtocol - Stopping ProtocolHandler ["http-nio-9090"]
15:42:54.435 [restartedMain] INFO  com.wipro0.SpringBootAppApplication - Starting SpringBootAppApplication using Java 17.0.10 with PID 113506 (/home/rps/eclipse-workspace/spring-boot-app/target/classes started by rps in /home/rps/eclipse-workspace/spring-boot-app)
15:42:54.435 [restartedMain] INFO  com.wipro0.SpringBootAppApplication - No active profile set, falling back to 1 default profile: "default"
15:42:54.746 [restartedMain] INFO  o.s.b.w.e.tomcat.TomcatWebServer - Tomcat initialized with port 9090 (http)
15:42:54.747 [restartedMain] INFO  o.a.coyote.http11.Http11NioProtocol - Initializing ProtocolHandler ["http-nio-9090"]
15:42:54.747 [restartedMain] INFO  o.a.catalina.core.StandardService - Starting service [Tomcat]
15:42:54.748 [restartedMain] INFO  o.a.catalina.core.StandardEngine - Starting Servlet engine: [Apache Tomcat/10.1.24]
15:42:54.768 [restartedMain] INFO  o.a.c.c.C.[Tomcat].[localhost].[/] - Initializing Spring embedded WebApplicationContext
15:42:54.775 [restartedMain] INFO  o.s.b.w.s.c.ServletWebServerApplicationContext - Root WebApplicationContext: initialization completed in 337 ms
15:42:54.892 [restartedMain] INFO  o.s.b.d.a.OptionalLiveReloadServer - LiveReload server is running on port 35729
15:42:54.897 [restartedMain] INFO  o.a.coyote.http11.Http11NioProtocol - Starting ProtocolHandler ["http-nio-9090"]
15:42:54.917 [restartedMain] INFO  o.s.b.w.e.tomcat.TomcatWebServer - Tomcat started on port 9090 (http) with context path '/'
15:42:54.921 [restartedMain] INFO  com.wipro0.SpringBootAppApplication - Started SpringBootAppApplication in 0.553 seconds (process running for 356.081)
15:42:54.922 [restartedMain] INFO  o.s.b.d.a.ConditionEvaluationDeltaLoggingListener - Condition evaluation unchanged
15:43:12.317 [File Watcher] INFO  o.s.b.d.a.LocalDevToolsAutoConfiguration$RestartingClassPathChangeChangedEventListener - Restarting due to 1 class path change (0 additions, 0 deletions, 1 modification)
15:43:12.322 [Thread-11] INFO  o.a.coyote.http11.Http11NioProtocol - Stopping ProtocolHandler ["http-nio-9090"]
15:43:12.403 [restartedMain] INFO  com.wipro0.SpringBootAppApplication - Starting SpringBootAppApplication using Java 17.0.10 with PID 113506 (/home/rps/eclipse-workspace/spring-boot-app/target/classes started by rps in /home/rps/eclipse-workspace/spring-boot-app)
15:43:12.404 [restartedMain] INFO  com.wipro0.SpringBootAppApplication - No active profile set, falling back to 1 default profile: "default"
15:43:12.651 [restartedMain] INFO  o.s.b.w.e.tomcat.TomcatWebServer - Tomcat initialized with port 9090 (http)
15:43:12.656 [restartedMain] INFO  o.a.coyote.http11.Http11NioProtocol - Initializing ProtocolHandler ["http-nio-9090"]
15:43:12.657 [restartedMain] INFO  o.a.catalina.core.StandardService - Starting service [Tomcat]
15:43:12.662 [restartedMain] INFO  o.a.catalina.core.StandardEngine - Starting Servlet engine: [Apache Tomcat/10.1.24]
15:43:12.676 [restartedMain] INFO  o.a.c.c.C.[Tomcat].[localhost].[/] - Initializing Spring embedded WebApplicationContext
15:43:12.680 [restartedMain] INFO  o.s.b.w.s.c.ServletWebServerApplicationContext - Root WebApplicationContext: initialization completed in 274 ms
15:43:12.812 [restartedMain] INFO  o.s.b.d.a.OptionalLiveReloadServer - LiveReload server is running on port 35729
15:43:12.818 [restartedMain] INFO  o.a.coyote.http11.Http11NioProtocol - Starting ProtocolHandler ["http-nio-9090"]
15:43:12.821 [restartedMain] INFO  o.s.b.w.e.tomcat.TomcatWebServer - Tomcat started on port 9090 (http) with context path '/'
15:43:12.825 [restartedMain] INFO  com.wipro0.SpringBootAppApplication - Started SpringBootAppApplication in 0.457 seconds (process running for 373.986)
15:43:12.829 [restartedMain] INFO  o.s.b.d.a.ConditionEvaluationDeltaLoggingListener - Condition evaluation unchanged
15:44:09.372 [restartedMain] INFO  com.wipro0.SpringBootAppApplication - Starting SpringBootAppApplication using Java 17.0.10 with PID 113956 (/home/rps/eclipse-workspace/spring-boot-app/target/classes started by rps in /home/rps/eclipse-workspace/spring-boot-app)
15:44:09.375 [restartedMain] INFO  com.wipro0.SpringBootAppApplication - No active profile set, falling back to 1 default profile: "default"
15:44:09.455 [restartedMain] INFO  o.s.b.d.e.DevToolsPropertyDefaultsPostProcessor - Devtools property defaults active! Set 'spring.devtools.add-properties' to 'false' to disable
15:44:09.455 [restartedMain] INFO  o.s.b.d.e.DevToolsPropertyDefaultsPostProcessor - For additional web related logging consider setting the 'logging.level.web' property to 'DEBUG'
15:44:10.771 [restartedMain] INFO  o.s.b.w.e.tomcat.TomcatWebServer - Tomcat initialized with port 9090 (http)
15:44:10.785 [restartedMain] INFO  o.a.coyote.http11.Http11NioProtocol - Initializing ProtocolHandler ["http-nio-9090"]
15:44:10.795 [restartedMain] INFO  o.a.catalina.core.StandardService - Starting service [Tomcat]
15:44:10.796 [restartedMain] INFO  o.a.catalina.core.StandardEngine - Starting Servlet engine: [Apache Tomcat/10.1.24]
15:44:10.881 [restartedMain] INFO  o.a.c.c.C.[Tomcat].[localhost].[/] - Initializing Spring embedded WebApplicationContext
15:44:10.881 [restartedMain] INFO  o.s.b.w.s.c.ServletWebServerApplicationContext - Root WebApplicationContext: initialization completed in 1424 ms
15:44:11.328 [restartedMain] INFO  o.s.b.d.a.OptionalLiveReloadServer - LiveReload server is running on port 35729
15:44:11.346 [restartedMain] INFO  o.a.coyote.http11.Http11NioProtocol - Starting ProtocolHandler ["http-nio-9090"]
15:44:11.358 [restartedMain] INFO  o.s.b.w.e.tomcat.TomcatWebServer - Tomcat started on port 9090 (http) with context path '/'
15:44:11.372 [restartedMain] INFO  com.wipro0.SpringBootAppApplication - Started SpringBootAppApplication in 2.417 seconds (process running for 3.239)
15:44:22.061 [http-nio-9090-exec-2] INFO  o.a.c.c.C.[Tomcat].[localhost].[/] - Initializing Spring DispatcherServlet 'dispatcherServlet'
15:44:22.062 [http-nio-9090-exec-2] INFO  o.s.web.servlet.DispatcherServlet - Initializing Servlet 'dispatcherServlet'
15:44:22.064 [http-nio-9090-exec-2] INFO  o.s.web.servlet.DispatcherServlet - Completed initialization in 2 ms
